<?xml version="1.0" encoding="UTF-8"?>
<testng-results ignored="0" total="1" passed="1" failed="0" skipped="0">
  <reporter-output>
  </reporter-output>
  <suite started-at="2023-07-18T22:14:52 IST" name="Default suite" finished-at="2023-07-18T22:15:05 IST" duration-ms="12773">
    <groups>
    </groups>
    <test started-at="2023-07-18T22:14:52 IST" name="Default test" finished-at="2023-07-18T22:15:05 IST" duration-ms="12773">
      <class name="Tests.TestOne">
        <test-method is-config="true" signature="launchApplication()[pri:0, instance:Tests.TestOne@11392934]" started-at="2023-07-18T22:14:52 IST" name="launchApplication" finished-at="2023-07-18T22:15:04 IST" duration-ms="12628" status="PASS">
          <reporter-output>
          </reporter-output>
        </test-method> <!-- launchApplication -->
        <test-method signature="test1()[pri:0, instance:Tests.TestOne@11392934]" started-at="2023-07-18T22:15:05 IST" name="test1" finished-at="2023-07-18T22:15:05 IST" duration-ms="15" status="PASS">
          <reporter-output>
          </reporter-output>
        </test-method> <!-- test1 -->
      </class> <!-- Tests.TestOne -->
    </test> <!-- Default test -->
  </suite> <!-- Default suite -->
</testng-results>
